D:\BD\m1h1\target\scala-2.11>yarn jar m1h1_2.11-1.jar /users/summer_story /users/result
17/12/29 14:48:23 INFO client.RMProxy: Connecting to ResourceManager at /0.0.0.0:8032
17/12/29 14:48:24 WARN mapreduce.JobSubmitter: Hadoop command-line option parsing not performed. Implement the Tool interface and execute your application with ToolRunner to remedy this.
17/12/29 14:48:24 INFO input.FileInputFormat: Total input paths to process : 1
17/12/29 14:48:24 INFO mapreduce.JobSubmitter: number of splits:1
17/12/29 14:48:24 INFO mapreduce.JobSubmitter: Submitting tokens for job: job_1514550074175_0002
17/12/29 14:48:24 INFO impl.YarnClientImpl: Submitted application application_1514550074175_0002
17/12/29 14:48:24 INFO mapreduce.Job: The url to track the job: http://EPUALVIW0332:8088/proxy/application_1514550074175_0002/
17/12/29 14:48:24 INFO mapreduce.Job: Running job: job_1514550074175_0002
17/12/29 14:48:31 INFO mapreduce.Job: Job job_1514550074175_0002 running in uber mode : false
17/12/29 14:48:31 INFO mapreduce.Job:  map 0% reduce 0%
17/12/29 14:48:37 INFO mapreduce.Job:  map 100% reduce 0%
17/12/29 14:48:42 INFO mapreduce.Job:  map 100% reduce 100%
17/12/29 14:48:42 INFO mapreduce.Job: Job job_1514550074175_0002 completed successfully
17/12/29 14:48:42 INFO mapreduce.Job: Counters: 49
        File System Counters
                FILE: Number of bytes read=2643
                FILE: Number of bytes written=220223
                FILE: Number of read operations=0
                FILE: Number of large read operations=0
                FILE: Number of write operations=0
                HDFS: Number of bytes read=2692
                HDFS: Number of bytes written=2576
                HDFS: Number of read operations=6
                HDFS: Number of large read operations=0
                HDFS: Number of write operations=2
        Job Counters
                Launched map tasks=1
                Launched reduce tasks=1
                Rack-local map tasks=1
                Total time spent by all maps in occupied slots (ms)=2468
                Total time spent by all reduces in occupied slots (ms)=2670
                Total time spent by all map tasks (ms)=2468
                Total time spent by all reduce tasks (ms)=2670
                Total vcore-seconds taken by all map tasks=2468
                Total vcore-seconds taken by all reduce tasks=2670
                Total megabyte-seconds taken by all map tasks=2527232
                Total megabyte-seconds taken by all reduce tasks=2734080
        Map-Reduce Framework
                Map input records=9
                Map output records=449
                Map output bytes=4316
                Map output materialized bytes=2643
                Input split bytes=106
                Combine input records=449
                Combine output records=13
                Reduce input groups=13
                Reduce shuffle bytes=2643
                Reduce input records=13
                Reduce output records=13
                Spilled Records=26
                Shuffled Maps =1
                Failed Shuffles=0
                Merged Map outputs=1
                GC time elapsed (ms)=72
                CPU time spent (ms)=1154
                Physical memory (bytes) snapshot=459722752
                Virtual memory (bytes) snapshot=571445248
                Total committed heap usage (bytes)=349175808
        Shuffle Errors
                BAD_ID=0
                CONNECTION=0
                IO_ERROR=0
                WRONG_LENGTH=0
                WRONG_MAP=0
                WRONG_REDUCE=0
        File Input Format Counters
                Bytes Read=2586
        File Output Format Counters
                Bytes Written=2576

D:\BD\m1h1\target\scala-2.11>